<?xml version="1.0" encoding="UTF-8"?>
<testsuite xmlns:xsi="http://www.w3.org/2001/XMLSchema-instance" xsi:noNamespaceSchemaLocation="https://maven.apache.org/surefire/maven-surefire-plugin/xsd/surefire-test-report-3.0.xsd" version="3.0" name="com.zkteco.cirrusdcs.testRunners.CirrusDCSRunner" time="495.617" tests="37" errors="3" skipped="0" failures="0">
  <properties>
[...]
</properties>
  <testcase name="TC01: Verify whether user is able to  navigate to &quot;Host users&quot; module" classname="HostUsers Module" time="6.364">
    <system-out><![CDATA[Host Users | ZK Data Collection services
]]></system-out>
    <system-err><![CDATA[Jan 03, 2023 10:24:00 AM io.cucumber.core.options.CucumberPropertiesParser parse
WARNING: Passing commandline options via the property `cucumber.options` has been deprecatedin favour of explicitly using property names.
Please use these instead: [cucumber.ansi-colors.disabled, cucumber.execution.dry-run, cucumber.execution.limit, cucumber.execution.order, cucumber.execution.strict, cucumber.execution.wip, cucumber.features, cucumber.filter.name, cucumber.filter.tags, cucumber.glue, cucumber.object-factory, cucumber.plugin, cucumber.snippet-type]
Jan 03, 2023 10:24:00 AM io.cucumber.junit.Cucumber <init>
WARNING: By default Cucumber is running in --non-strict mode.
This default will change to --strict and --non-strict will be removed.
You can use --strict or @CucumberOptions(strict = true) to suppress this warning
log4j:ERROR Could not find value for key log4j.appender.file
log4j:ERROR Could not instantiate appender named "file".
SLF4J: Failed to load class "org.slf4j.impl.StaticLoggerBinder".
SLF4J: Defaulting to no-operation (NOP) logger implementation
SLF4J: See http://www.slf4j.org/codes.html#StaticLoggerBinder for further details.
Starting ChromeDriver 108.0.5359.71 (1e0e3868ee06e91ad636a874420e3ca3ae3756ac-refs/branch-heads/5359@{#1016}) on port 9781
Only local connections are allowed.
Please see https://chromedriver.chromium.org/security-considerations for suggestions on keeping ChromeDriver safe.
ChromeDriver was started successfully.
Jan 03, 2023 10:24:02 AM org.openqa.selenium.remote.ProtocolHandshake createSession
INFO: Detected dialect: W3C
log4j:ERROR Could not find value for key log4j.appender.file
log4j:ERROR Could not instantiate appender named "file".
]]></system-err>
  </testcase>
  <testcase name="TC02: Verify whether user is able to view the &quot;User list&quot; block in Host users page" classname="HostUsers Module" time="2.874">
    <system-err><![CDATA[Starting ChromeDriver 108.0.5359.71 (1e0e3868ee06e91ad636a874420e3ca3ae3756ac-refs/branch-heads/5359@{#1016}) on port 22504
Only local connections are allowed.
Please see https://chromedriver.chromium.org/security-considerations for suggestions on keeping ChromeDriver safe.
ChromeDriver was started successfully.
Jan 03, 2023 10:24:08 AM org.openqa.selenium.remote.ProtocolHandshake createSession
INFO: Detected dialect: W3C
log4j:ERROR Could not find value for key log4j.appender.file
log4j:ERROR Could not instantiate appender named "file".
]]></system-err>
  </testcase>
  <testcase name="Verfiy whether user is able to access the Last forward button and verify that the list of the page is displaying accordingly" classname="HostUsers Module" time="5.287">
    <system-err><![CDATA[Starting ChromeDriver 108.0.5359.71 (1e0e3868ee06e91ad636a874420e3ca3ae3756ac-refs/branch-heads/5359@{#1016}) on port 10266
Only local connections are allowed.
Please see https://chromedriver.chromium.org/security-considerations for suggestions on keeping ChromeDriver safe.
ChromeDriver was started successfully.
Jan 03, 2023 10:24:11 AM org.openqa.selenium.remote.ProtocolHandshake createSession
INFO: Detected dialect: W3C
log4j:ERROR Could not find value for key log4j.appender.file
log4j:ERROR Could not instantiate appender named "file".
]]></system-err>
  </testcase>
  <testcase name="Verfiy whether user is able to access the firstPage backward button and verify that the list of the page is displaying accordingly" classname="HostUsers Module" time="6.184">
    <system-out><![CDATA[ui-paginator-page ui-state-default ui-corner-all ui-state-active
1
]]></system-out>
    <system-err><![CDATA[Starting ChromeDriver 108.0.5359.71 (1e0e3868ee06e91ad636a874420e3ca3ae3756ac-refs/branch-heads/5359@{#1016}) on port 34942
Only local connections are allowed.
Please see https://chromedriver.chromium.org/security-considerations for suggestions on keeping ChromeDriver safe.
ChromeDriver was started successfully.
Jan 03, 2023 10:24:16 AM org.openqa.selenium.remote.ProtocolHandshake createSession
INFO: Detected dialect: W3C
log4j:ERROR Could not find value for key log4j.appender.file
log4j:ERROR Could not instantiate appender named "file".
]]></system-err>
  </testcase>
  <testcase name="Verfiy whether user is able to access the forward button and verify that the list of the page is displaying accordingly" classname="HostUsers Module" time="16.536">
    <system-out><![CDATA[2
3
4
5
6
7
]]></system-out>
    <system-err><![CDATA[Starting ChromeDriver 108.0.5359.71 (1e0e3868ee06e91ad636a874420e3ca3ae3756ac-refs/branch-heads/5359@{#1016}) on port 40204
Only local connections are allowed.
Please see https://chromedriver.chromium.org/security-considerations for suggestions on keeping ChromeDriver safe.
ChromeDriver was started successfully.
Jan 03, 2023 10:24:22 AM org.openqa.selenium.remote.ProtocolHandshake createSession
INFO: Detected dialect: W3C
log4j:ERROR Could not find value for key log4j.appender.file
log4j:ERROR Could not instantiate appender named "file".
]]></system-err>
  </testcase>
  <testcase name="Verfiy whether user is able to access the backword button and verify that the list of the page is displaying accordingly" classname="HostUsers Module" time="29.276">
    <system-err><![CDATA[Starting ChromeDriver 108.0.5359.71 (1e0e3868ee06e91ad636a874420e3ca3ae3756ac-refs/branch-heads/5359@{#1016}) on port 46802
Only local connections are allowed.
Please see https://chromedriver.chromium.org/security-considerations for suggestions on keeping ChromeDriver safe.
ChromeDriver was started successfully.
Jan 03, 2023 10:24:39 AM org.openqa.selenium.remote.ProtocolHandshake createSession
INFO: Detected dialect: W3C
log4j:ERROR Could not find value for key log4j.appender.file
log4j:ERROR Could not instantiate appender named "file".
]]></system-err>
  </testcase>
  <testcase name="Verify whether user is able to view the Host list is displaying according to the number that is selected in the drop down" classname="HostUsers Module" time="41.485">
    <error message="no such element: Unable to locate element: {&quot;method&quot;:&quot;xpath&quot;,&quot;selector&quot;:&quot;//select[@class=&apos;ui-paginator-rpp-options ui-widget ui-state-default ui-corner-left&apos;]&quot;}&#10;  (Session info: headless chrome=108.0.5359.125)&#10;For documentation on this error, please visit: https://www.seleniumhq.org/exceptions/no_such_element.html&#10;Build info: version: &apos;3.141.59&apos;, revision: &apos;e82be7d358&apos;, time: &apos;2018-11-14T08:17:03&apos;&#10;System info: host: &apos;LAP174&apos;, ip: &apos;10.10.70.19&apos;, os.name: &apos;Windows 10&apos;, os.arch: &apos;amd64&apos;, os.version: &apos;10.0&apos;, java.version: &apos;1.8.0_281&apos;&#10;Driver info: org.openqa.selenium.chrome.ChromeDriver&#10;Capabilities {acceptInsecureCerts: false, browserName: chrome, browserVersion: 108.0.5359.125, chrome: {chromedriverVersion: 108.0.5359.71 (1e0e3868ee06..., userDataDir: C:\Users\Akshay\AppData\Loc...}, goog:chromeOptions: {debuggerAddress: localhost:61703}, javascriptEnabled: true, networkConnectionEnabled: false, pageLoadStrategy: normal, platform: WINDOWS, platformName: WINDOWS, proxy: Proxy(), setWindowRect: true, strictFileInteractability: false, timeouts: {implicit: 0, pageLoad: 300000, script: 30000}, unhandledPromptBehavior: dismiss and notify, webauthn:extension:credBlob: true, webauthn:extension:largeBlob: true, webauthn:virtualAuthenticators: true}&#10;Session ID: 6a3c253af8bb315345bb0759e6c1a970&#10;*** Element info: {Using=xpath, value=//select[@class=&apos;ui-paginator-rpp-options ui-widget ui-state-default ui-corner-left&apos;]}" type="org.openqa.selenium.NoSuchElementException"><![CDATA[org.openqa.selenium.NoSuchElementException: 
no such element: Unable to locate element: {"method":"xpath","selector":"//select[@class='ui-paginator-rpp-options ui-widget ui-state-default ui-corner-left']"}
  (Session info: headless chrome=108.0.5359.125)
For documentation on this error, please visit: https://www.seleniumhq.org/exceptions/no_such_element.html
Build info: version: '3.141.59', revision: 'e82be7d358', time: '2018-11-14T08:17:03'
System info: host: 'LAP174', ip: '10.10.70.19', os.name: 'Windows 10', os.arch: 'amd64', os.version: '10.0', java.version: '1.8.0_281'
Driver info: org.openqa.selenium.chrome.ChromeDriver
Capabilities {acceptInsecureCerts: false, browserName: chrome, browserVersion: 108.0.5359.125, chrome: {chromedriverVersion: 108.0.5359.71 (1e0e3868ee06..., userDataDir: C:\Users\Akshay\AppData\Loc...}, goog:chromeOptions: {debuggerAddress: localhost:61703}, javascriptEnabled: true, networkConnectionEnabled: false, pageLoadStrategy: normal, platform: WINDOWS, platformName: WINDOWS, proxy: Proxy(), setWindowRect: true, strictFileInteractability: false, timeouts: {implicit: 0, pageLoad: 300000, script: 30000}, unhandledPromptBehavior: dismiss and notify, webauthn:extension:credBlob: true, webauthn:extension:largeBlob: true, webauthn:virtualAuthenticators: true}
Session ID: 6a3c253af8bb315345bb0759e6c1a970
*** Element info: {Using=xpath, value=//select[@class='ui-paginator-rpp-options ui-widget ui-state-default ui-corner-left']}
]]></error>
    <system-err><![CDATA[Starting ChromeDriver 108.0.5359.71 (1e0e3868ee06e91ad636a874420e3ca3ae3756ac-refs/branch-heads/5359@{#1016}) on port 20285
Only local connections are allowed.
Please see https://chromedriver.chromium.org/security-considerations for suggestions on keeping ChromeDriver safe.
ChromeDriver was started successfully.
Jan 03, 2023 10:25:08 AM org.openqa.selenium.remote.ProtocolHandshake createSession
INFO: Detected dialect: W3C
log4j:ERROR Could not find value for key log4j.appender.file
log4j:ERROR Could not instantiate appender named "file".
]]></system-err>
  </testcase>
  <testcase name="Verify whether user is able to view the &quot;User Details&quot; block" classname="HostUsers Module" time="3.091">
    <system-err><![CDATA[Starting ChromeDriver 108.0.5359.71 (1e0e3868ee06e91ad636a874420e3ca3ae3756ac-refs/branch-heads/5359@{#1016}) on port 23669
Only local connections are allowed.
Please see https://chromedriver.chromium.org/security-considerations for suggestions on keeping ChromeDriver safe.
ChromeDriver was started successfully.
Jan 03, 2023 10:25:50 AM org.openqa.selenium.remote.ProtocolHandshake createSession
INFO: Detected dialect: W3C
log4j:ERROR Could not find value for key log4j.appender.file
log4j:ERROR Could not instantiate appender named "file".
]]></system-err>
  </testcase>
  <testcase name="Verify whether user is able to click on the &quot;particular user&quot;" classname="HostUsers Module" time="3.466">
    <system-err><![CDATA[Starting ChromeDriver 108.0.5359.71 (1e0e3868ee06e91ad636a874420e3ca3ae3756ac-refs/branch-heads/5359@{#1016}) on port 15517
Only local connections are allowed.
Please see https://chromedriver.chromium.org/security-considerations for suggestions on keeping ChromeDriver safe.
ChromeDriver was started successfully.
Jan 03, 2023 10:25:53 AM org.openqa.selenium.remote.ProtocolHandshake createSession
INFO: Detected dialect: W3C
log4j:ERROR Could not find value for key log4j.appender.file
log4j:ERROR Could not instantiate appender named "file".
]]></system-err>
  </testcase>
  <testcase name="Verify whether user is able to view all the components in the New host users page" classname="HostUsers Module" time="4.304">
    <system-err><![CDATA[Starting ChromeDriver 108.0.5359.71 (1e0e3868ee06e91ad636a874420e3ca3ae3756ac-refs/branch-heads/5359@{#1016}) on port 35722
Only local connections are allowed.
Please see https://chromedriver.chromium.org/security-considerations for suggestions on keeping ChromeDriver safe.
ChromeDriver was started successfully.
Jan 03, 2023 10:25:56 AM org.openqa.selenium.remote.ProtocolHandshake createSession
INFO: Detected dialect: W3C
log4j:ERROR Could not find value for key log4j.appender.file
log4j:ERROR Could not instantiate appender named "file".
]]></system-err>
  </testcase>
  <testcase name="Verify whether user is able to create new user by entering all details" classname="HostUsers Module" time="34.272">
    <system-out><![CDATA[user record is created successfully
]]></system-out>
    <system-err><![CDATA[Starting ChromeDriver 108.0.5359.71 (1e0e3868ee06e91ad636a874420e3ca3ae3756ac-refs/branch-heads/5359@{#1016}) on port 38901
Only local connections are allowed.
Please see https://chromedriver.chromium.org/security-considerations for suggestions on keeping ChromeDriver safe.
ChromeDriver was started successfully.
Jan 03, 2023 10:26:00 AM org.openqa.selenium.remote.ProtocolHandshake createSession
INFO: Detected dialect: W3C
log4j:ERROR Could not find value for key log4j.appender.file
log4j:ERROR Could not instantiate appender named "file".
]]></system-err>
  </testcase>
  <testcase name="Verify whether user is not able to create record on click of cancel button" classname="HostUsers Module" time="34.044">
    <system-err><![CDATA[Starting ChromeDriver 108.0.5359.71 (1e0e3868ee06e91ad636a874420e3ca3ae3756ac-refs/branch-heads/5359@{#1016}) on port 2562
Only local connections are allowed.
Please see https://chromedriver.chromium.org/security-considerations for suggestions on keeping ChromeDriver safe.
ChromeDriver was started successfully.
Jan 03, 2023 10:26:35 AM org.openqa.selenium.remote.ProtocolHandshake createSession
INFO: Detected dialect: W3C
log4j:ERROR Could not find value for key log4j.appender.file
log4j:ERROR Could not instantiate appender named "file".
]]></system-err>
  </testcase>
  <testcase name="Verify CirrusDCS logo in home page" classname="HostUsers Module" time="5.757">
    <system-out><![CDATA[D:\DCSIntellj\CirrusDCS\Images\img.png
Both images are same
]]></system-out>
    <system-err><![CDATA[Starting ChromeDriver 108.0.5359.71 (1e0e3868ee06e91ad636a874420e3ca3ae3756ac-refs/branch-heads/5359@{#1016}) on port 43473
Only local connections are allowed.
Please see https://chromedriver.chromium.org/security-considerations for suggestions on keeping ChromeDriver safe.
ChromeDriver was started successfully.
Jan 03, 2023 10:27:09 AM org.openqa.selenium.remote.ProtocolHandshake createSession
INFO: Detected dialect: W3C
log4j:ERROR Could not find value for key log4j.appender.file
log4j:ERROR Could not instantiate appender named "file".
]]></system-err>
  </testcase>
  <testcase name="Verify whether error message is displayed for mandatory fields" classname="HostUsers Module" time="3.161">
    <system-out><![CDATA[[Login Id:: Validation Error: Value is required., First Name:: Validation Error: Value is required., Email:: Validation Error: Value is required., Phone Number:: Validation Error: Value is required., Login Id:: Validation Error: Value is required.]
]]></system-out>
    <system-err><![CDATA[Starting ChromeDriver 108.0.5359.71 (1e0e3868ee06e91ad636a874420e3ca3ae3756ac-refs/branch-heads/5359@{#1016}) on port 28804
Only local connections are allowed.
Please see https://chromedriver.chromium.org/security-considerations for suggestions on keeping ChromeDriver safe.
ChromeDriver was started successfully.
Jan 03, 2023 10:27:14 AM org.openqa.selenium.remote.ProtocolHandshake createSession
INFO: Detected dialect: W3C
log4j:ERROR Could not find value for key log4j.appender.file
log4j:ERROR Could not instantiate appender named "file".
]]></system-err>
  </testcase>
  <testcase name="Verify whether the error message is displayed for password policy" classname="HostUsers Module" time="7.729">
    <system-out><![CDATA[Password:: Validation Error.
]]></system-out>
    <system-err><![CDATA[Starting ChromeDriver 108.0.5359.71 (1e0e3868ee06e91ad636a874420e3ca3ae3756ac-refs/branch-heads/5359@{#1016}) on port 38614
Only local connections are allowed.
Please see https://chromedriver.chromium.org/security-considerations for suggestions on keeping ChromeDriver safe.
ChromeDriver was started successfully.
Jan 03, 2023 10:27:18 AM org.openqa.selenium.remote.ProtocolHandshake createSession
INFO: Detected dialect: W3C
log4j:ERROR Could not find value for key log4j.appender.file
log4j:ERROR Could not instantiate appender named "file".
]]></system-err>
  </testcase>
  <testcase name="Verify whether user is able to edit the hostusers details" classname="HostUsers Module" time="19.511">
    <error message="stale element reference: element is not attached to the page document&#10;  (Session info: headless chrome=108.0.5359.125)&#10;For documentation on this error, please visit: https://www.seleniumhq.org/exceptions/stale_element_reference.html&#10;Build info: version: &apos;3.141.59&apos;, revision: &apos;e82be7d358&apos;, time: &apos;2018-11-14T08:17:03&apos;&#10;System info: host: &apos;LAP174&apos;, ip: &apos;10.10.70.19&apos;, os.name: &apos;Windows 10&apos;, os.arch: &apos;amd64&apos;, os.version: &apos;10.0&apos;, java.version: &apos;1.8.0_281&apos;&#10;Driver info: org.openqa.selenium.chrome.ChromeDriver&#10;Capabilities {acceptInsecureCerts: false, browserName: chrome, browserVersion: 108.0.5359.125, chrome: {chromedriverVersion: 108.0.5359.71 (1e0e3868ee06..., userDataDir: C:\Users\Akshay\AppData\Loc...}, goog:chromeOptions: {debuggerAddress: localhost:61925}, javascriptEnabled: true, networkConnectionEnabled: false, pageLoadStrategy: normal, platform: WINDOWS, platformName: WINDOWS, proxy: Proxy(), setWindowRect: true, strictFileInteractability: false, timeouts: {implicit: 0, pageLoad: 300000, script: 30000}, unhandledPromptBehavior: dismiss and notify, webauthn:extension:credBlob: true, webauthn:extension:largeBlob: true, webauthn:virtualAuthenticators: true}&#10;Session ID: 0ce470004760583a34600e21ba2f511b" type="org.openqa.selenium.StaleElementReferenceException"><![CDATA[org.openqa.selenium.StaleElementReferenceException: 
stale element reference: element is not attached to the page document
  (Session info: headless chrome=108.0.5359.125)
For documentation on this error, please visit: https://www.seleniumhq.org/exceptions/stale_element_reference.html
Build info: version: '3.141.59', revision: 'e82be7d358', time: '2018-11-14T08:17:03'
System info: host: 'LAP174', ip: '10.10.70.19', os.name: 'Windows 10', os.arch: 'amd64', os.version: '10.0', java.version: '1.8.0_281'
Driver info: org.openqa.selenium.chrome.ChromeDriver
Capabilities {acceptInsecureCerts: false, browserName: chrome, browserVersion: 108.0.5359.125, chrome: {chromedriverVersion: 108.0.5359.71 (1e0e3868ee06..., userDataDir: C:\Users\Akshay\AppData\Loc...}, goog:chromeOptions: {debuggerAddress: localhost:61925}, javascriptEnabled: true, networkConnectionEnabled: false, pageLoadStrategy: normal, platform: WINDOWS, platformName: WINDOWS, proxy: Proxy(), setWindowRect: true, strictFileInteractability: false, timeouts: {implicit: 0, pageLoad: 300000, script: 30000}, unhandledPromptBehavior: dismiss and notify, webauthn:extension:credBlob: true, webauthn:extension:largeBlob: true, webauthn:virtualAuthenticators: true}
Session ID: 0ce470004760583a34600e21ba2f511b
]]></error>
    <system-err><![CDATA[Starting ChromeDriver 108.0.5359.71 (1e0e3868ee06e91ad636a874420e3ca3ae3756ac-refs/branch-heads/5359@{#1016}) on port 38193
Only local connections are allowed.
Please see https://chromedriver.chromium.org/security-considerations for suggestions on keeping ChromeDriver safe.
ChromeDriver was started successfully.
Jan 03, 2023 10:27:25 AM org.openqa.selenium.remote.ProtocolHandshake createSession
INFO: Detected dialect: W3C
log4j:ERROR Could not find value for key log4j.appender.file
log4j:ERROR Could not instantiate appender named "file".
]]></system-err>
  </testcase>
  <testcase name="Verify whether user is able to view delete link in Edit host users page" classname="HostUsers Module" time="3.982">
    <system-err><![CDATA[Starting ChromeDriver 108.0.5359.71 (1e0e3868ee06e91ad636a874420e3ca3ae3756ac-refs/branch-heads/5359@{#1016}) on port 22196
Only local connections are allowed.
Please see https://chromedriver.chromium.org/security-considerations for suggestions on keeping ChromeDriver safe.
ChromeDriver was started successfully.
Jan 03, 2023 10:27:45 AM org.openqa.selenium.remote.ProtocolHandshake createSession
INFO: Detected dialect: W3C
log4j:ERROR Could not find value for key log4j.appender.file
log4j:ERROR Could not instantiate appender named "file".
]]></system-err>
  </testcase>
  <testcase name="Verify whether user is able to view delete link in Edit host users page" classname="HostUsers Module" time="4.183">
    <system-err><![CDATA[Starting ChromeDriver 108.0.5359.71 (1e0e3868ee06e91ad636a874420e3ca3ae3756ac-refs/branch-heads/5359@{#1016}) on port 17557
Only local connections are allowed.
Please see https://chromedriver.chromium.org/security-considerations for suggestions on keeping ChromeDriver safe.
ChromeDriver was started successfully.
Jan 03, 2023 10:27:49 AM org.openqa.selenium.remote.ProtocolHandshake createSession
INFO: Detected dialect: W3C
log4j:ERROR Could not find value for key log4j.appender.file
log4j:ERROR Could not instantiate appender named "file".
]]></system-err>
  </testcase>
  <testcase name="Verify whether user is able to view delete link in Edit host users page" classname="HostUsers Module" time="28.226">
    <system-err><![CDATA[Starting ChromeDriver 108.0.5359.71 (1e0e3868ee06e91ad636a874420e3ca3ae3756ac-refs/branch-heads/5359@{#1016}) on port 16214
Only local connections are allowed.
Please see https://chromedriver.chromium.org/security-considerations for suggestions on keeping ChromeDriver safe.
ChromeDriver was started successfully.
Jan 03, 2023 10:27:53 AM org.openqa.selenium.remote.ProtocolHandshake createSession
INFO: Detected dialect: W3C
log4j:ERROR Could not find value for key log4j.appender.file
log4j:ERROR Could not instantiate appender named "file".
]]></system-err>
  </testcase>
  <testcase name="Verify whether user is able to delete the hostuser" classname="HostUsers Module" time="43.818">
    <system-out><![CDATA[Successfully deleted.
]]></system-out>
    <system-err><![CDATA[Starting ChromeDriver 108.0.5359.71 (1e0e3868ee06e91ad636a874420e3ca3ae3756ac-refs/branch-heads/5359@{#1016}) on port 24183
Only local connections are allowed.
Please see https://chromedriver.chromium.org/security-considerations for suggestions on keeping ChromeDriver safe.
ChromeDriver was started successfully.
Jan 03, 2023 10:28:21 AM org.openqa.selenium.remote.ProtocolHandshake createSession
INFO: Detected dialect: W3C
log4j:ERROR Could not find value for key log4j.appender.file
log4j:ERROR Could not instantiate appender named "file".
]]></system-err>
  </testcase>
  <testcase name="Verify whether user is able to view Role tab in hostusers page" classname="HostUsers Module" time="4.467">
    <system-err><![CDATA[Starting ChromeDriver 108.0.5359.71 (1e0e3868ee06e91ad636a874420e3ca3ae3756ac-refs/branch-heads/5359@{#1016}) on port 12834
Only local connections are allowed.
Please see https://chromedriver.chromium.org/security-considerations for suggestions on keeping ChromeDriver safe.
ChromeDriver was started successfully.
Jan 03, 2023 10:29:05 AM org.openqa.selenium.remote.ProtocolHandshake createSession
INFO: Detected dialect: W3C
log4j:ERROR Could not find value for key log4j.appender.file
log4j:ERROR Could not instantiate appender named "file".
]]></system-err>
  </testcase>
  <testcase name="Verify whether user is able to update All Roles for host users" classname="HostUsers Module" time="9.043">
    <error message="stale element reference: element is not attached to the page document&#10;  (Session info: headless chrome=108.0.5359.125)&#10;For documentation on this error, please visit: https://www.seleniumhq.org/exceptions/stale_element_reference.html&#10;Build info: version: &apos;3.141.59&apos;, revision: &apos;e82be7d358&apos;, time: &apos;2018-11-14T08:17:03&apos;&#10;System info: host: &apos;LAP174&apos;, ip: &apos;10.10.70.19&apos;, os.name: &apos;Windows 10&apos;, os.arch: &apos;amd64&apos;, os.version: &apos;10.0&apos;, java.version: &apos;1.8.0_281&apos;&#10;Driver info: org.openqa.selenium.chrome.ChromeDriver&#10;Capabilities {acceptInsecureCerts: false, browserName: chrome, browserVersion: 108.0.5359.125, chrome: {chromedriverVersion: 108.0.5359.71 (1e0e3868ee06..., userDataDir: C:\Users\Akshay\AppData\Loc...}, goog:chromeOptions: {debuggerAddress: localhost:62121}, javascriptEnabled: true, networkConnectionEnabled: false, pageLoadStrategy: normal, platform: WINDOWS, platformName: WINDOWS, proxy: Proxy(), setWindowRect: true, strictFileInteractability: false, timeouts: {implicit: 0, pageLoad: 300000, script: 30000}, unhandledPromptBehavior: dismiss and notify, webauthn:extension:credBlob: true, webauthn:extension:largeBlob: true, webauthn:virtualAuthenticators: true}&#10;Session ID: de77d958679803b0174ec8f817ca916a" type="org.openqa.selenium.StaleElementReferenceException"><![CDATA[org.openqa.selenium.StaleElementReferenceException: 
stale element reference: element is not attached to the page document
  (Session info: headless chrome=108.0.5359.125)
For documentation on this error, please visit: https://www.seleniumhq.org/exceptions/stale_element_reference.html
Build info: version: '3.141.59', revision: 'e82be7d358', time: '2018-11-14T08:17:03'
System info: host: 'LAP174', ip: '10.10.70.19', os.name: 'Windows 10', os.arch: 'amd64', os.version: '10.0', java.version: '1.8.0_281'
Driver info: org.openqa.selenium.chrome.ChromeDriver
Capabilities {acceptInsecureCerts: false, browserName: chrome, browserVersion: 108.0.5359.125, chrome: {chromedriverVersion: 108.0.5359.71 (1e0e3868ee06..., userDataDir: C:\Users\Akshay\AppData\Loc...}, goog:chromeOptions: {debuggerAddress: localhost:62121}, javascriptEnabled: true, networkConnectionEnabled: false, pageLoadStrategy: normal, platform: WINDOWS, platformName: WINDOWS, proxy: Proxy(), setWindowRect: true, strictFileInteractability: false, timeouts: {implicit: 0, pageLoad: 300000, script: 30000}, unhandledPromptBehavior: dismiss and notify, webauthn:extension:credBlob: true, webauthn:extension:largeBlob: true, webauthn:virtualAuthenticators: true}
Session ID: de77d958679803b0174ec8f817ca916a
]]></error>
    <system-err><![CDATA[Starting ChromeDriver 108.0.5359.71 (1e0e3868ee06e91ad636a874420e3ca3ae3756ac-refs/branch-heads/5359@{#1016}) on port 5400
Only local connections are allowed.
Please see https://chromedriver.chromium.org/security-considerations for suggestions on keeping ChromeDriver safe.
ChromeDriver was started successfully.
Jan 03, 2023 10:29:10 AM org.openqa.selenium.remote.ProtocolHandshake createSession
INFO: Detected dialect: W3C
log4j:ERROR Could not find value for key log4j.appender.file
log4j:ERROR Could not instantiate appender named "file".
]]></system-err>
  </testcase>
  <testcase name="Verify whether user is able to update individual Role for host users" classname="HostUsers Module" time="27.248">
    <system-err><![CDATA[Starting ChromeDriver 108.0.5359.71 (1e0e3868ee06e91ad636a874420e3ca3ae3756ac-refs/branch-heads/5359@{#1016}) on port 27685
Only local connections are allowed.
Please see https://chromedriver.chromium.org/security-considerations for suggestions on keeping ChromeDriver safe.
ChromeDriver was started successfully.
Jan 03, 2023 10:29:19 AM org.openqa.selenium.remote.ProtocolHandshake createSession
INFO: Detected dialect: W3C
log4j:ERROR Could not find value for key log4j.appender.file
log4j:ERROR Could not instantiate appender named "file".
]]></system-err>
  </testcase>
  <testcase name="Verify whether user is able to remove individual Role for host users" classname="HostUsers Module" time="25.795">
    <system-err><![CDATA[Starting ChromeDriver 108.0.5359.71 (1e0e3868ee06e91ad636a874420e3ca3ae3756ac-refs/branch-heads/5359@{#1016}) on port 34903
Only local connections are allowed.
Please see https://chromedriver.chromium.org/security-considerations for suggestions on keeping ChromeDriver safe.
ChromeDriver was started successfully.
Jan 03, 2023 10:29:46 AM org.openqa.selenium.remote.ProtocolHandshake createSession
INFO: Detected dialect: W3C
log4j:ERROR Could not find value for key log4j.appender.file
log4j:ERROR Could not instantiate appender named "file".
]]></system-err>
  </testcase>
  <testcase name="Verify whether user is able to remove All Roles for host users" classname="HostUsers Module" time="27.45">
    <system-out><![CDATA[All Roles removed successfully from - Abhilash
]]></system-out>
    <system-err><![CDATA[Starting ChromeDriver 108.0.5359.71 (1e0e3868ee06e91ad636a874420e3ca3ae3756ac-refs/branch-heads/5359@{#1016}) on port 35794
Only local connections are allowed.
Please see https://chromedriver.chromium.org/security-considerations for suggestions on keeping ChromeDriver safe.
ChromeDriver was started successfully.
Jan 03, 2023 10:30:12 AM org.openqa.selenium.remote.ProtocolHandshake createSession
INFO: Detected dialect: W3C
log4j:ERROR Could not find value for key log4j.appender.file
log4j:ERROR Could not instantiate appender named "file".
]]></system-err>
  </testcase>
  <testcase name="Verify whether user is able to view delegations tab and components present in it" classname="HostUsers Module" time="6.84">
    <system-err><![CDATA[Starting ChromeDriver 108.0.5359.71 (1e0e3868ee06e91ad636a874420e3ca3ae3756ac-refs/branch-heads/5359@{#1016}) on port 40505
Only local connections are allowed.
Please see https://chromedriver.chromium.org/security-considerations for suggestions on keeping ChromeDriver safe.
ChromeDriver was started successfully.
Jan 03, 2023 10:30:39 AM org.openqa.selenium.remote.ProtocolHandshake createSession
INFO: Detected dialect: W3C
log4j:ERROR Could not find value for key log4j.appender.file
log4j:ERROR Could not instantiate appender named "file".
]]></system-err>
  </testcase>
  <testcase name="Verify the columns present in the delegation tab" classname="HostUsers Module" time="4.187">
    <system-out><![CDATA[
Client
Client Name
Delegate
]]></system-out>
    <system-err><![CDATA[Starting ChromeDriver 108.0.5359.71 (1e0e3868ee06e91ad636a874420e3ca3ae3756ac-refs/branch-heads/5359@{#1016}) on port 28642
Only local connections are allowed.
Please see https://chromedriver.chromium.org/security-considerations for suggestions on keeping ChromeDriver safe.
ChromeDriver was started successfully.
Jan 03, 2023 10:30:46 AM org.openqa.selenium.remote.ProtocolHandshake createSession
INFO: Detected dialect: W3C
log4j:ERROR Could not find value for key log4j.appender.file
log4j:ERROR Could not instantiate appender named "file".
]]></system-err>
  </testcase>
  <testcase name="Verify whether user is able to create delegate account for individual tenant" classname="HostUsers Module" time="11.591">
    <system-out><![CDATA[h_Abhilash@zktk
]]></system-out>
    <system-err><![CDATA[Starting ChromeDriver 108.0.5359.71 (1e0e3868ee06e91ad636a874420e3ca3ae3756ac-refs/branch-heads/5359@{#1016}) on port 34256
Only local connections are allowed.
Please see https://chromedriver.chromium.org/security-considerations for suggestions on keeping ChromeDriver safe.
ChromeDriver was started successfully.
Jan 03, 2023 10:30:50 AM org.openqa.selenium.remote.ProtocolHandshake createSession
INFO: Detected dialect: W3C
log4j:ERROR Could not find value for key log4j.appender.file
log4j:ERROR Could not instantiate appender named "file".
]]></system-err>
  </testcase>
  <testcase name="Verify whether user is able to remove delegate account for individual tenant" classname="HostUsers Module" time="12.016">
    <system-out><![CDATA[h_Abhilash@zktk
]]></system-out>
    <system-err><![CDATA[Starting ChromeDriver 108.0.5359.71 (1e0e3868ee06e91ad636a874420e3ca3ae3756ac-refs/branch-heads/5359@{#1016}) on port 15085
Only local connections are allowed.
Please see https://chromedriver.chromium.org/security-considerations for suggestions on keeping ChromeDriver safe.
ChromeDriver was started successfully.
Jan 03, 2023 10:31:02 AM org.openqa.selenium.remote.ProtocolHandshake createSession
INFO: Detected dialect: W3C
log4j:ERROR Could not find value for key log4j.appender.file
log4j:ERROR Could not instantiate appender named "file".
]]></system-err>
  </testcase>
  <testcase name="Verify whether user is able to create delegate account for all tenants" classname="HostUsers Module" time="15.972">
    <system-out><![CDATA[Failed to save user
]]></system-out>
    <system-err><![CDATA[Starting ChromeDriver 108.0.5359.71 (1e0e3868ee06e91ad636a874420e3ca3ae3756ac-refs/branch-heads/5359@{#1016}) on port 41793
Only local connections are allowed.
Please see https://chromedriver.chromium.org/security-considerations for suggestions on keeping ChromeDriver safe.
ChromeDriver was started successfully.
Jan 03, 2023 10:31:14 AM org.openqa.selenium.remote.ProtocolHandshake createSession
INFO: Detected dialect: W3C
log4j:ERROR Could not find value for key log4j.appender.file
log4j:ERROR Could not instantiate appender named "file".
]]></system-err>
  </testcase>
  <testcase name="Verify whether user is able to remove delegate account for all tenants" classname="HostUsers Module" time="15.985">
    <system-out><![CDATA[Failed to save user
]]></system-out>
    <system-err><![CDATA[Starting ChromeDriver 108.0.5359.71 (1e0e3868ee06e91ad636a874420e3ca3ae3756ac-refs/branch-heads/5359@{#1016}) on port 3173
Only local connections are allowed.
Please see https://chromedriver.chromium.org/security-considerations for suggestions on keeping ChromeDriver safe.
ChromeDriver was started successfully.
Jan 03, 2023 10:31:30 AM org.openqa.selenium.remote.ProtocolHandshake createSession
INFO: Detected dialect: W3C
log4j:ERROR Could not find value for key log4j.appender.file
log4j:ERROR Could not instantiate appender named "file".
]]></system-err>
  </testcase>
  <testcase name="Verify whether user is able to view Subscriptions tab and components present in it" classname="HostUsers Module" time="5.338">
    <system-err><![CDATA[Starting ChromeDriver 108.0.5359.71 (1e0e3868ee06e91ad636a874420e3ca3ae3756ac-refs/branch-heads/5359@{#1016}) on port 13496
Only local connections are allowed.
Please see https://chromedriver.chromium.org/security-considerations for suggestions on keeping ChromeDriver safe.
ChromeDriver was started successfully.
Jan 03, 2023 10:31:46 AM org.openqa.selenium.remote.ProtocolHandshake createSession
INFO: Detected dialect: W3C
log4j:ERROR Could not find value for key log4j.appender.file
log4j:ERROR Could not instantiate appender named "file".
]]></system-err>
  </testcase>
  <testcase name="Verify whether user is able to subscribe for individual Event" classname="HostUsers Module" time="5.128">
    <system-out><![CDATA[UnauthorizeEvent Event Subscribed
event subscribed
]]></system-out>
    <system-err><![CDATA[Starting ChromeDriver 108.0.5359.71 (1e0e3868ee06e91ad636a874420e3ca3ae3756ac-refs/branch-heads/5359@{#1016}) on port 39023
Only local connections are allowed.
Please see https://chromedriver.chromium.org/security-considerations for suggestions on keeping ChromeDriver safe.
ChromeDriver was started successfully.
Jan 03, 2023 10:31:51 AM org.openqa.selenium.remote.ProtocolHandshake createSession
INFO: Detected dialect: W3C
log4j:ERROR Could not find value for key log4j.appender.file
log4j:ERROR Could not instantiate appender named "file".
]]></system-err>
  </testcase>
  <testcase name="Verify whether user is able to unsubscribe for individual Event" classname="HostUsers Module" time="5.143">
    <system-out><![CDATA[UnauthorizeEvent Event Unsubscribed
event unsubscribed
]]></system-out>
    <system-err><![CDATA[Starting ChromeDriver 108.0.5359.71 (1e0e3868ee06e91ad636a874420e3ca3ae3756ac-refs/branch-heads/5359@{#1016}) on port 47941
Only local connections are allowed.
Please see https://chromedriver.chromium.org/security-considerations for suggestions on keeping ChromeDriver safe.
ChromeDriver was started successfully.
Jan 03, 2023 10:31:56 AM org.openqa.selenium.remote.ProtocolHandshake createSession
INFO: Detected dialect: W3C
log4j:ERROR Could not find value for key log4j.appender.file
log4j:ERROR Could not instantiate appender named "file".
]]></system-err>
  </testcase>
  <testcase name="Verify whether user is able to subscribe for all Events" classname="HostUsers Module" time="5.112">
    <system-out><![CDATA[UnauthorizeEvent Event Subscribed
event subscribed
]]></system-out>
    <system-err><![CDATA[Starting ChromeDriver 108.0.5359.71 (1e0e3868ee06e91ad636a874420e3ca3ae3756ac-refs/branch-heads/5359@{#1016}) on port 26190
Only local connections are allowed.
Please see https://chromedriver.chromium.org/security-considerations for suggestions on keeping ChromeDriver safe.
ChromeDriver was started successfully.
Jan 03, 2023 10:32:01 AM org.openqa.selenium.remote.ProtocolHandshake createSession
INFO: Detected dialect: W3C
log4j:ERROR Could not find value for key log4j.appender.file
log4j:ERROR Could not instantiate appender named "file".
]]></system-err>
  </testcase>
  <testcase name="Verify whether user is able to unsubscribe for all Events" classname="HostUsers Module" time="4.855">
    <system-out><![CDATA[UnauthorizeEvent Event Unsubscribed
event unsubscribed
]]></system-out>
    <system-err><![CDATA[Starting ChromeDriver 108.0.5359.71 (1e0e3868ee06e91ad636a874420e3ca3ae3756ac-refs/branch-heads/5359@{#1016}) on port 37993
Only local connections are allowed.
Please see https://chromedriver.chromium.org/security-considerations for suggestions on keeping ChromeDriver safe.
ChromeDriver was started successfully.
Jan 03, 2023 10:32:06 AM org.openqa.selenium.remote.ProtocolHandshake createSession
INFO: Detected dialect: W3C
log4j:ERROR Could not find value for key log4j.appender.file
log4j:ERROR Could not instantiate appender named "file".
]]></system-err>
  </testcase>
  <testcase name="Verify the columns present in the subscription tab" classname="HostUsers Module" time="4.645">
    <system-err><![CDATA[Starting ChromeDriver 108.0.5359.71 (1e0e3868ee06e91ad636a874420e3ca3ae3756ac-refs/branch-heads/5359@{#1016}) on port 46592
Only local connections are allowed.
Please see https://chromedriver.chromium.org/security-considerations for suggestions on keeping ChromeDriver safe.
ChromeDriver was started successfully.
Jan 03, 2023 10:32:11 AM org.openqa.selenium.remote.ProtocolHandshake createSession
INFO: Detected dialect: W3C
log4j:ERROR Could not find value for key log4j.appender.file
log4j:ERROR Could not instantiate appender named "file".
]]></system-err>
  </testcase>
</testsuite>